<?xml version="1.0" encoding="UTF-8"?>
<!-- Generated by org.testng.reporters.JUnitReportReporter -->
<testsuite hostname="LAPTOP-IO7O6G3K" failures="0" tests="1" name="test.VerifyAddToCartButton" time="44.418" errors="0" timestamp="2022-11-03T20:10:25 IST" skipped="0">
  <testcase classname="test.VerifyAddToCartButton" name="verifyAdddingMultipleProductsToCart" time="44.418"/>
  <system-out/>
</testsuite> <!-- test.VerifyAddToCartButton -->
